<?xml version="1.0" encoding="UTF-8"?>
<Site BuildName="Linux-clang++"
	BuildStamp="20220323-1559-Experimental"
	Name="fedora"
	Generator="ctest-3.22.2"
	CompilerName="/usr/bin/clang++"
	CompilerVersion="13.0.0"
	OSName="Linux"
	Hostname="fedora"
	OSRelease="5.16.16-200.fc35.x86_64"
	OSVersion="#1 SMP PREEMPT Sat Mar 19 13:52:41 UTC 2022"
	OSPlatform="x86_64"
	Is64Bits="1"
	VendorString="GenuineIntel"
	VendorID="Intel Corporation"
	FamilyID="6"
	ModelID="78"
	ProcessorCacheSize="3072"
	NumberOfLogicalCPU="4"
	NumberOfPhysicalCPU="2"
	TotalVirtualMemory="7805"
	TotalPhysicalMemory="7806"
	LogicalProcessorsPerPhysical="2"
	ProcessorClockFrequency="2700"
	>
	<Testing>
		<StartDateTime>Mar 23 16:59 CET</StartDateTime>
		<StartTestTime>1648051163</StartTestTime>
		<TestList/>
		<EndDateTime>Mar 23 16:59 CET</EndDateTime>
		<EndTestTime>1648051163</EndTestTime>
		<ElapsedMinutes>0</ElapsedMinutes>
	</Testing>
</Site>
